[]
[]
[]
[]
[]
[]
[]
[]
[]
[]
['20170528180000.xml']
['20170530200004.xml', '20170530210004.xml', '20170530220001.xml', '20170530222645.xml', '20170530230001.xml', '20170531000004.xml', '20170531010003.xml', '20170531030004.xml', '20170531040000.xml', '20170531050004.xml', '20170531060004.xml', '20170531070004.xml', '20170531080000.xml', '20170531090000.xml', '20170531100002.xml', '20170531102646.xml', '20170531110000.xml']
[]
['20160907070002.xml', '20170601000004.xml', '20170601010000.xml', '20170601020003.xml', '20170601030000.xml', '20170601040003.xml', '20170601050001.xml', '20170601060002.xml', '20170601070002.xml', '20170601080000.xml', '20170601090003.xml', '20170601100003.xml', '20170601102657.xml', '20170601110004.xml', '20170601120004.xml', '20170601140002.xml', '20170601150003.xml', '20170601160002.xml', '20170601170004.xml', '20170601180003.xml', '20170601190002.xml', '20170601200000.xml', '20170601210001.xml', '20170601220001.xml', '20170601222658.xml', '20170601230000.xml', '20170602000002.xml', '20170602010004.xml', '20170602020001.xml', '20170602030003.xml', '20170602040004.xml']
['20170908225407.xml', '20171019100000.xml', '20171224160002.xml', '20171224220001.xml', '20180421205127.xml', '20180528165323.xml', '20180603180002.xml']
['20180315090002.xml', '20180421210733.xml', '20180602192248.xml']
[]
['20170608130001.xml', '20171224170001.xml', '20171224180004.xml', '20171224190002.xml', '20171224210000.xml', '20180315100000.xml']
['20180315090002.xml']
[]
[]
[]
[]
[]
[]
[]
[]
[]
[]
[]
['20170528180000.xml']
['20170530200004.xml', '20170530210004.xml', '20170530220001.xml', '20170530222645.xml', '20170530230001.xml', '20170531000004.xml', '20170531010003.xml', '20170531030004.xml', '20170531040000.xml', '20170531050004.xml', '20170531060004.xml', '20170531070004.xml', '20170531080000.xml', '20170531090000.xml', '20170531100002.xml', '20170531102646.xml', '20170531110000.xml']
[]
['20160907070002.xml', '20170601000004.xml', '20170601010000.xml', '20170601020003.xml', '20170601030000.xml', '20170601040003.xml', '20170601050001.xml', '20170601060002.xml', '20170601070002.xml', '20170601080000.xml', '20170601090003.xml', '20170601100003.xml', '20170601102657.xml', '20170601110004.xml', '20170601120004.xml', '20170601140002.xml', '20170601150003.xml', '20170601160002.xml', '20170601170004.xml', '20170601180003.xml', '20170601190002.xml', '20170601200000.xml', '20170601210001.xml', '20170601220001.xml', '20170601222658.xml', '20170601230000.xml', '20170602000002.xml', '20170602010004.xml', '20170602020001.xml', '20170602030003.xml', '20170602040004.xml']
['20170908225407.xml', '20171019100000.xml', '20171224160002.xml', '20171224220001.xml', '20180421205127.xml', '20180528165323.xml', '20180603180002.xml']
['20180315090002.xml', '20180421210733.xml', '20180602192248.xml']
[]
['20170608130001.xml', '20171224170001.xml', '20171224180004.xml', '20171224190002.xml', '20171224210000.xml', '20180315100000.xml']
['20180315090002.xml']
[]
[]
[]
[]
[]
[]
[]
[]
[]
[]
[]
['20170528180000.xml']
['20170530200004.xml', '20170530210004.xml', '20170530220001.xml', '20170530222645.xml', '20170530230001.xml', '20170531000004.xml', '20170531010003.xml', '20170531030004.xml', '20170531040000.xml', '20170531050004.xml', '20170531060004.xml', '20170531070004.xml', '20170531080000.xml', '20170531090000.xml', '20170531100002.xml', '20170531102646.xml', '20170531110000.xml']
[]
['20160907070002.xml', '20170601000004.xml', '20170601010000.xml', '20170601020003.xml', '20170601030000.xml', '20170601040003.xml', '20170601050001.xml', '20170601060002.xml', '20170601070002.xml', '20170601080000.xml', '20170601090003.xml', '20170601100003.xml', '20170601102657.xml', '20170601110004.xml', '20170601120004.xml', '20170601140002.xml', '20170601150003.xml', '20170601160002.xml', '20170601170004.xml', '20170601180003.xml', '20170601190002.xml', '20170601200000.xml', '20170601210001.xml', '20170601220001.xml', '20170601222658.xml', '20170601230000.xml', '20170602000002.xml', '20170602010004.xml', '20170602020001.xml', '20170602030003.xml', '20170602040004.xml']
['20170908225407.xml', '20171019100000.xml', '20171224160002.xml', '20171224220001.xml', '20180421205127.xml', '20180528165323.xml', '20180603180002.xml']
['20180315090002.xml', '20180421210733.xml', '20180602192248.xml']
[]
['20170608130001.xml', '20171224170001.xml', '20171224180004.xml', '20171224190002.xml', '20171224210000.xml', '20180315100000.xml']
['20180315090002.xml']
[]
[]
[]
[]
[]
[]
[]
[]
[]
[]
[]
['20170528180000.xml']
['20170530200004.xml', '20170530210004.xml', '20170530220001.xml', '20170530222645.xml', '20170530230001.xml', '20170531000004.xml', '20170531010003.xml', '20170531030004.xml', '20170531040000.xml', '20170531050004.xml', '20170531060004.xml', '20170531070004.xml', '20170531080000.xml', '20170531090000.xml', '20170531100002.xml', '20170531102646.xml', '20170531110000.xml']
[]
['20160907070002.xml', '20170601000004.xml', '20170601010000.xml', '20170601020003.xml', '20170601030000.xml', '20170601040003.xml', '20170601050001.xml', '20170601060002.xml', '20170601070002.xml', '20170601080000.xml', '20170601090003.xml', '20170601100003.xml', '20170601102657.xml', '20170601110004.xml', '20170601120004.xml', '20170601140002.xml', '20170601150003.xml', '20170601160002.xml', '20170601170004.xml', '20170601180003.xml', '20170601190002.xml', '20170601200000.xml', '20170601210001.xml', '20170601220001.xml', '20170601222658.xml', '20170601230000.xml', '20170602000002.xml', '20170602010004.xml', '20170602020001.xml', '20170602030003.xml', '20170602040004.xml']
['20170908225407.xml', '20171019100000.xml', '20171224160002.xml', '20171224220001.xml', '20180421205127.xml', '20180528165323.xml', '20180603180002.xml']
['20180315090002.xml', '20180421210733.xml', '20180602192248.xml']
[]
['20170608130001.xml', '20171224170001.xml', '20171224180004.xml', '20171224190002.xml', '20171224210000.xml', '20180315100000.xml']
['20180315090002.xml']
[]
[]
[]
[]
[]
[]
[]
[]
[]
[]
[]
['20170528180000.xml']
['20170530200004.xml', '20170530210004.xml', '20170530220001.xml', '20170530222645.xml', '20170530230001.xml', '20170531000004.xml', '20170531010003.xml', '20170531030004.xml', '20170531040000.xml', '20170531050004.xml', '20170531060004.xml', '20170531070004.xml', '20170531080000.xml', '20170531090000.xml', '20170531100002.xml', '20170531102646.xml', '20170531110000.xml']
[]
['20160907070002.xml', '20170601000004.xml', '20170601010000.xml', '20170601020003.xml', '20170601030000.xml', '20170601040003.xml', '20170601050001.xml', '20170601060002.xml', '20170601070002.xml', '20170601080000.xml', '20170601090003.xml', '20170601100003.xml', '20170601102657.xml', '20170601110004.xml', '20170601120004.xml', '20170601140002.xml', '20170601150003.xml', '20170601160002.xml', '20170601170004.xml', '20170601180003.xml', '20170601190002.xml', '20170601200000.xml', '20170601210001.xml', '20170601220001.xml', '20170601222658.xml', '20170601230000.xml', '20170602000002.xml', '20170602010004.xml', '20170602020001.xml', '20170602030003.xml', '20170602040004.xml']
['20170908225407.xml', '20171019100000.xml', '20171224160002.xml', '20171224220001.xml', '20180421205127.xml', '20180528165323.xml', '20180603180002.xml']
['20180315090002.xml', '20180421210733.xml', '20180602192248.xml']
[]
['20170608130001.xml', '20171224170001.xml', '20171224180004.xml', '20171224190002.xml', '20171224210000.xml', '20180315100000.xml']
['20180315090002.xml']
[]
